<?xml version="1.0" encoding="UTF-8"?>
<testsuite name="com.assignment.test.CouponActivationTest" tests="2" skipped="0" failures="0" errors="0" timestamp="2022-07-28T13:44:48" hostname="LAPTOP-HMFUJK93" time="18.189">
  <properties/>
  <testcase name="Open Coupon Center" classname="com.assignment.test.CouponActivationTest" time="6.153"/>
  <testcase name="Activate available coupon" classname="com.assignment.test.CouponActivationTest" time="12.036"/>
  <system-out><![CDATA[19:44:48.825 [Test worker] INFO  com.assignment.test.BaseTest - Appium driver started...
19:44:48.838 [Test worker] INFO  com.assignment.stepDefinition.StepDefinitions - Test run started at : 28/07/2022 19:44:48

Scenario: Open Coupon Center             # Feature/ActivateCoupon.feature:3
  When User taps on coupon center button # com.assignment.stepDefinition.StepDefinitions.userTapsOnCouponCenterButton()
19:44:55.007 [Test worker] INFO  com.assignment.stepDefinition.StepDefinitions - Coupon center title : Coupons
  Then Coupon center UI is loaded        # com.assignment.stepDefinition.StepDefinitions.couponCenterUIIsLoaded()

Scenario: Activate available coupon                                                       # Feature/ActivateCoupon.feature:7
19:44:55.779 [Test worker] INFO  com.assignment.pom.CouponPage - Not activated coupon tab title : Nicht aktiviert (27)
19:44:55.935 [Test worker] INFO  com.assignment.pom.CouponPage - Activated coupon tab title : Aktiviert (19)
19:44:57.048 [Test worker] INFO  com.assignment.stepDefinition.StepDefinitions - Total not activated coupon count : 27
19:44:57.048 [Test worker] INFO  com.assignment.stepDefinition.StepDefinitions - Total activated count : 19
19:44:57.168 [Test worker] INFO  com.assignment.stepDefinition.StepDefinitions - Total coupon services available : 14
19:44:58.951 [Test worker] INFO  com.assignment.stepDefinition.StepDefinitions - Filter UI title : Filter
  Given User has opened coupon filter UI                                                  # com.assignment.stepDefinition.StepDefinitions.userHasOpenedCouponFilterUI()
19:44:59.173 [Test worker] INFO  com.assignment.pom.CouponPage - checking coupon no : 31
19:44:59.370 [Test worker] INFO  com.assignment.pom.CouponPage - total coupon available : 35
19:45:01.824 [Test worker] INFO  com.assignment.pom.CouponPage - available coupon count for activation : 1
19:45:02.884 [Test worker] INFO  com.assignment.pom.CouponPage - Not activated coupon tab title : Nicht aktiviert (1)
19:45:03.050 [Test worker] INFO  com.assignment.pom.CouponPage - Activated coupon tab title : Aktiviert (0)
19:45:06.551 [Test worker] INFO  com.assignment.pom.CouponPage - Not activated coupon tab title : Nicht aktiviert (0)
19:45:06.718 [Test worker] INFO  com.assignment.pom.CouponPage - Activated coupon tab title : Aktiviert (1)
  When User checks available coupon that can be activated and taps on the activate button # com.assignment.stepDefinition.StepDefinitions.userChecksAvailableCouponThatCanBeActivatedAndTapsOnTheActivateButton()
19:45:07.048 [Test worker] INFO  com.assignment.stepDefinition.StepDefinitions - Number of coupons moved from non-activated state : 1
19:45:07.049 [Test worker] INFO  com.assignment.stepDefinition.StepDefinitions - Number of coupons moved to activated state : 1
  Then Coupon has been activated                                                          # com.assignment.stepDefinition.StepDefinitions.couponHasBeenActivated()
19:45:07.654 [Test worker] INFO  com.assignment.test.BaseTest - Appium driver stopped...
19:45:07.655 [Test worker] INFO  com.assignment.stepDefinition.StepDefinitions - Test run ended at : 28/07/2022 19:45:07
]]></system-out>
  <system-err><![CDATA[SLF4J: Failed to load class "org.slf4j.impl.StaticLoggerBinder".
SLF4J: Defaulting to no-operation (NOP) logger implementation
SLF4J: See http://www.slf4j.org/codes.html#StaticLoggerBinder for further details.
?????????????????????????????????????????????????????????????????????????????????????
? Share your Cucumber Report with your team at https://reports.cucumber.io          ?
? Activate publishing with one of the following:                                    ?
?                                                                                   ?
? src/test/resources/cucumber.properties:          cucumber.publish.enabled=true    ?
? src/test/resources/junit-platform.properties:    cucumber.publish.enabled=true    ?
? Environment variable:                            CUCUMBER_PUBLISH_ENABLED=true    ?
? JUnit:                                           @CucumberOptions(publish = true) ?
?                                                                                   ?
? More information at https://cucumber.io/docs/cucumber/environment-variables/      ?
?                                                                                   ?
? Disable this message with one of the following:                                   ?
?                                                                                   ?
? src/test/resources/cucumber.properties:          cucumber.publish.quiet=true      ?
? src/test/resources/junit-platform.properties:    cucumber.publish.quiet=true      ?
?????????????????????????????????????????????????????????????????????????????????????
]]></system-err>
</testsuite>
