<?xml version="1.0" encoding="UTF-8"?>
<testsuite name="com.assignment.test.CouponActivationTest" tests="2" skipped="0" failures="0" errors="0" timestamp="2022-07-24T07:45:37" hostname="LAPTOP-HMFUJK93" time="18.596">
  <properties/>
  <testcase name="Test_001_openCouponCenter()" classname="com.assignment.test.CouponActivationTest" time="6.539"/>
  <testcase name="Test_002_filterAndActivateCoupon()" classname="com.assignment.test.CouponActivationTest" time="12.057"/>
  <system-out><![CDATA[13:45:37.827 [Test worker] INFO  com.assignment.test.BaseTest - Appium driver started...
13:45:37.836 [Test worker] INFO  com.assignment.test.TestName - ---------- Test Name :: Test_001_openCouponCenter :: ----------
13:45:44.364 [Test worker] INFO  com.assignment.test.CouponActivationTest - coupon center title : Coupons
13:45:44.375 [Test worker] INFO  com.assignment.test.TestName - ---------- Test Name :: Test_002_filterAndActivateCoupon :: ----------
13:45:44.634 [Test worker] INFO  com.assignment.pom.CouponPage - Not activated coupon tab title : Nicht aktiviert (41)
13:45:44.801 [Test worker] INFO  com.assignment.pom.CouponPage - Activated coupon tab title : Aktiviert (17)
13:45:48.085 [Test worker] INFO  com.assignment.test.CouponActivationTest - Filter UI title : Filter
13:45:48.085 [Test worker] INFO  com.assignment.test.CouponActivationTest - not activated count : 41
13:45:48.085 [Test worker] INFO  com.assignment.test.CouponActivationTest - activated count : 17
13:45:48.276 [Test worker] INFO  com.assignment.test.CouponActivationTest - total coupon available : 35
13:45:48.457 [Test worker] INFO  com.assignment.pom.CouponPage - checking coupon no : 19
13:45:48.633 [Test worker] INFO  com.assignment.pom.CouponPage - total coupon available : 35
13:45:51.224 [Test worker] INFO  com.assignment.pom.CouponPage - available coupon count : 1
13:45:52.146 [Test worker] INFO  com.assignment.pom.CouponPage - Not activated coupon tab title : Nicht aktiviert (1)
13:45:52.297 [Test worker] INFO  com.assignment.pom.CouponPage - Activated coupon tab title : Aktiviert (0)
13:45:55.965 [Test worker] INFO  com.assignment.pom.CouponPage - Not activated coupon tab title : Nicht aktiviert (0)
13:45:56.128 [Test worker] INFO  com.assignment.pom.CouponPage - Activated coupon tab title : Aktiviert (1)
13:45:57.107 [Test worker] INFO  com.assignment.test.BaseTest - Appium driver stopped...
]]></system-out>
  <system-err><![CDATA[SLF4J: Failed to load class "org.slf4j.impl.StaticLoggerBinder".
SLF4J: Defaulting to no-operation (NOP) logger implementation
SLF4J: See http://www.slf4j.org/codes.html#StaticLoggerBinder for further details.
]]></system-err>
</testsuite>
