<?xml version="1.0" encoding="UTF-8"?>
<testsuite name="BaseTest" tests="1" skipped="0" failures="0" errors="0" timestamp="2022-07-21T06:38:45" hostname="LAPTOP-HMFUJK93" time="10.878">
  <properties/>
  <testcase name="setUp()" classname="BaseTest" time="10.878"/>
  <system-out><![CDATA[]]></system-out>
  <system-err><![CDATA[SLF4J: Failed to load class "org.slf4j.impl.StaticLoggerBinder".
SLF4J: Defaulting to no-operation (NOP) logger implementation
SLF4J: See http://www.slf4j.org/codes.html#StaticLoggerBinder for further details.
]]></system-err>
</testsuite>
