<?xml version="1.0" encoding="UTF-8"?>
<testsuite name="com.assignment.test.CouponActivationTest" tests="1" skipped="0" failures="0" errors="0" timestamp="2022-07-23T05:46:44" hostname="LAPTOP-HMFUJK93" time="4.145">
  <properties/>
  <testcase name="couponActivationTest()" classname="com.assignment.test.CouponActivationTest" time="4.145"/>
  <system-out><![CDATA[]]></system-out>
  <system-err><![CDATA[SLF4J: Failed to load class "org.slf4j.impl.StaticLoggerBinder".
SLF4J: Defaulting to no-operation (NOP) logger implementation
SLF4J: See http://www.slf4j.org/codes.html#StaticLoggerBinder for further details.
]]></system-err>
</testsuite>
